nohup: ignoring input
[I 2025-09-25 20:36:28.506 ServerApp] jupyter_lsp | extension was successfully linked.
[I 2025-09-25 20:36:28.507 ServerApp] jupyter_server_terminals | extension was successfully linked.
[I 2025-09-25 20:36:28.509 ServerApp] jupyterlab | extension was successfully linked.
[I 2025-09-25 20:36:28.510 ServerApp] notebook | extension was successfully linked.
[I 2025-09-25 20:36:28.694 ServerApp] notebook_shim | extension was successfully linked.
[I 2025-09-25 20:36:28.706 ServerApp] notebook_shim | extension was successfully loaded.
[I 2025-09-25 20:36:28.707 ServerApp] jupyter_lsp | extension was successfully loaded.
[I 2025-09-25 20:36:28.707 ServerApp] jupyter_server_terminals | extension was successfully loaded.
[I 2025-09-25 20:36:28.710 LabApp] JupyterLab extension loaded from /home/yeblad/anaconda3/envs/ML_selection_ENV/lib/python3.11/site-packages/jupyterlab
[I 2025-09-25 20:36:28.710 LabApp] JupyterLab application directory is /home/yeblad/anaconda3/envs/ML_selection_ENV/share/jupyter/lab
[I 2025-09-25 20:36:28.710 LabApp] Extension Manager is 'pypi'.
[I 2025-09-25 20:36:28.738 ServerApp] jupyterlab | extension was successfully loaded.
[I 2025-09-25 20:36:28.739 ServerApp] notebook | extension was successfully loaded.
[I 2025-09-25 20:36:28.740 ServerApp] Serving notebooks from local directory: /home/yeblad/Desktop/ML Model Selector
[I 2025-09-25 20:36:28.740 ServerApp] Jupyter Server 2.17.0 is running at:
[I 2025-09-25 20:36:28.740 ServerApp] http://127.0.0.1:8889/tree?token=7899ed332cbb9705d6e0c4d23bb8f1f0cd301929d1e21f67
[I 2025-09-25 20:36:28.740 ServerApp] Use Control-C to stop this server and shut down all kernels (twice to skip confirmation).
[C 2025-09-25 20:36:28.741 ServerApp] 
    
    To access the server, open this file in a browser:
        file:///home/yeblad/.local/share/jupyter/runtime/jpserver-91246-open.html
    Or copy and paste one of these URLs:
        http://127.0.0.1:8889/tree?token=7899ed332cbb9705d6e0c4d23bb8f1f0cd301929d1e21f67
[I 2025-09-25 20:36:28.839 ServerApp] Skipped non-installed server(s): basedpyright, bash-language-server, dockerfile-language-server-nodejs, javascript-typescript-langserver, jedi-language-server, julia-language-server, pyrefly, pyright, python-language-server, python-lsp-server, r-languageserver, sql-language-server, texlab, typescript-language-server, unified-language-server, vscode-css-languageserver-bin, vscode-html-languageserver-bin, vscode-json-languageserver-bin, yaml-language-server
[I 2025-09-25 20:37:50.356 ServerApp] Kernel started: 486d93d4-1615-4a35-8c25-3822c6cbad1d
[I 2025-09-25 20:37:50.562 ServerApp] Connecting to kernel 486d93d4-1615-4a35-8c25-3822c6cbad1d.
[W 2025-09-25 20:37:50.563 ServerApp] The websocket_ping_timeout (90000) cannot be longer than the websocket_ping_interval (30000).
    Setting websocket_ping_timeout=30000
[I 2025-09-25 20:37:50.574 ServerApp] Connecting to kernel 486d93d4-1615-4a35-8c25-3822c6cbad1d.
[I 2025-09-25 20:37:50.587 ServerApp] Connecting to kernel 486d93d4-1615-4a35-8c25-3822c6cbad1d.
[I 2025-09-25 20:37:57.736 ServerApp] Connecting to kernel 486d93d4-1615-4a35-8c25-3822c6cbad1d.
[I 2025-09-25 20:38:00.279 ServerApp] Kernel restarted: 486d93d4-1615-4a35-8c25-3822c6cbad1d
[I 2025-09-25 20:38:00.281 ServerApp] Starting buffering for 486d93d4-1615-4a35-8c25-3822c6cbad1d:7a993c72-d11b-4ac1-bfec-ffbcd506922e
[I 2025-09-25 20:38:00.282 ServerApp] Connecting to kernel 486d93d4-1615-4a35-8c25-3822c6cbad1d.
[I 2025-09-25 20:38:00.282 ServerApp] Restoring connection for 486d93d4-1615-4a35-8c25-3822c6cbad1d:7a993c72-d11b-4ac1-bfec-ffbcd506922e
[I 2025-09-25 20:39:09.681 ServerApp] Saving file at /ML_Model_Selector_Notebook.ipynb
